This is pdfTeX, Version 3.14159265-2.6-1.40.18 (TeX Live 2017/Debian) (preloaded format=pdflatex 2023.2.3)  23 FEB 2023 00:53
entering extended mode
 restricted \write18 enabled.
 file:line:error style messages enabled.
 %&-line parsing enabled.
**/20TB0/ls_workspace/lsnetv2/bare_jrnl.tex
(/20TB0/ls_workspace/lsnetv2/bare_jrnl.tex
LaTeX2e <2017-04-15>
Babel <3.18> and hyphenation patterns for 84 language(s) loaded.
(/usr/share/texlive/texmf-dist/tex/latex/IEEEtran/IEEEtran.cls
Document Class: IEEEtran 2015/08/26 V1.8b by Michael Shell
-- See the "IEEEtran_HOWTO" manual for usage information.
-- http://www.michaelshell.org/tex/ieeetran/
\@IEEEtrantmpdimenA=\dimen102
\@IEEEtrantmpdimenB=\dimen103
\@IEEEtrantmpdimenC=\dimen104
\@IEEEtrantmpcountA=\count79
\@IEEEtrantmpcountB=\count80
\@IEEEtrantmpcountC=\count81
\@IEEEtrantmptoksA=\toks14
LaTeX Font Info:    Try loading font information for OT1+ptm on input line 503.
(/usr/share/texlive/texmf-dist/tex/latex/psnfss/ot1ptm.fd
File: ot1ptm.fd 2001/06/04 font definitions for OT1/ptm.
)
-- Using 8.5in x 11in (letter) paper.
-- Using PDF output.
\@IEEEnormalsizeunitybaselineskip=\dimen105
-- This is a 10 point document.
\CLASSINFOnormalsizebaselineskip=\dimen106
\CLASSINFOnormalsizeunitybaselineskip=\dimen107
\IEEEnormaljot=\dimen108
LaTeX Font Info:    Font shape `OT1/ptm/bx/n' in size <5> not available
(Font)              Font shape `OT1/ptm/b/n' tried instead on input line 1090.
LaTeX Font Info:    Font shape `OT1/ptm/bx/it' in size <5> not available
(Font)              Font shape `OT1/ptm/b/it' tried instead on input line 1090.
LaTeX Font Info:    Font shape `OT1/ptm/bx/n' in size <7> not available
(Font)              Font shape `OT1/ptm/b/n' tried instead on input line 1090.
LaTeX Font Info:    Font shape `OT1/ptm/bx/it' in size <7> not available
(Font)              Font shape `OT1/ptm/b/it' tried instead on input line 1090.
LaTeX Font Info:    Font shape `OT1/ptm/bx/n' in size <8> not available
(Font)              Font shape `OT1/ptm/b/n' tried instead on input line 1090.
LaTeX Font Info:    Font shape `OT1/ptm/bx/it' in size <8> not available
(Font)              Font shape `OT1/ptm/b/it' tried instead on input line 1090.
LaTeX Font Info:    Font shape `OT1/ptm/bx/n' in size <9> not available
(Font)              Font shape `OT1/ptm/b/n' tried instead on input line 1090.
LaTeX Font Info:    Font shape `OT1/ptm/bx/it' in size <9> not available
(Font)              Font shape `OT1/ptm/b/it' tried instead on input line 1090.
LaTeX Font Info:    Font shape `OT1/ptm/bx/n' in size <10> not available
(Font)              Font shape `OT1/ptm/b/n' tried instead on input line 1090.
LaTeX Font Info:    Font shape `OT1/ptm/bx/it' in size <10> not available
(Font)              Font shape `OT1/ptm/b/it' tried instead on input line 1090.
LaTeX Font Info:    Font shape `OT1/ptm/bx/n' in size <11> not available
(Font)              Font shape `OT1/ptm/b/n' tried instead on input line 1090.
LaTeX Font Info:    Font shape `OT1/ptm/bx/it' in size <11> not available
(Font)              Font shape `OT1/ptm/b/it' tried instead on input line 1090.
LaTeX Font Info:    Font shape `OT1/ptm/bx/n' in size <12> not available
(Font)              Font shape `OT1/ptm/b/n' tried instead on input line 1090.
LaTeX Font Info:    Font shape `OT1/ptm/bx/it' in size <12> not available
(Font)              Font shape `OT1/ptm/b/it' tried instead on input line 1090.
LaTeX Font Info:    Font shape `OT1/ptm/bx/n' in size <17> not available
(Font)              Font shape `OT1/ptm/b/n' tried instead on input line 1090.
LaTeX Font Info:    Font shape `OT1/ptm/bx/it' in size <17> not available
(Font)              Font shape `OT1/ptm/b/it' tried instead on input line 1090.
LaTeX Font Info:    Font shape `OT1/ptm/bx/n' in size <20> not available
(Font)              Font shape `OT1/ptm/b/n' tried instead on input line 1090.
LaTeX Font Info:    Font shape `OT1/ptm/bx/it' in size <20> not available
(Font)              Font shape `OT1/ptm/b/it' tried instead on input line 1090.
LaTeX Font Info:    Font shape `OT1/ptm/bx/n' in size <24> not available
(Font)              Font shape `OT1/ptm/b/n' tried instead on input line 1090.
LaTeX Font Info:    Font shape `OT1/ptm/bx/it' in size <24> not available
(Font)              Font shape `OT1/ptm/b/it' tried instead on input line 1090.
\IEEEquantizedlength=\dimen109
\IEEEquantizedlengthdiff=\dimen110
\IEEEquantizedtextheightdiff=\dimen111
\IEEEilabelindentA=\dimen112
\IEEEilabelindentB=\dimen113
\IEEEilabelindent=\dimen114
\IEEEelabelindent=\dimen115
\IEEEdlabelindent=\dimen116
\IEEElabelindent=\dimen117
\IEEEiednormlabelsep=\dimen118
\IEEEiedmathlabelsep=\dimen119
\IEEEiedtopsep=\skip41
\c@section=\count82
\c@subsection=\count83
\c@subsubsection=\count84
\c@paragraph=\count85
\c@IEEEsubequation=\count86
\abovecaptionskip=\skip42
\belowcaptionskip=\skip43
\c@figure=\count87
\c@table=\count88
\@IEEEeqnnumcols=\count89
\@IEEEeqncolcnt=\count90
\@IEEEsubeqnnumrollback=\count91
\@IEEEquantizeheightA=\dimen120
\@IEEEquantizeheightB=\dimen121
\@IEEEquantizeheightC=\dimen122
\@IEEEquantizeprevdepth=\dimen123
\@IEEEquantizemultiple=\count92
\@IEEEquantizeboxA=\box26
\@IEEEtmpitemindent=\dimen124
\IEEEPARstartletwidth=\dimen125
\c@IEEEbiography=\count93
\@IEEEtranrubishbin=\box27
) (/usr/share/texlive/texmf-dist/tex/latex/graphics/graphicx.sty
Package: graphicx 2017/06/01 v1.1a Enhanced LaTeX Graphics (DPC,SPQR)
 (/usr/share/texlive/texmf-dist/tex/latex/graphics/keyval.sty
Package: keyval 2014/10/28 v1.15 key=value parser (DPC)
\KV@toks@=\toks15
) (/usr/share/texlive/texmf-dist/tex/latex/graphics/graphics.sty
Package: graphics 2017/06/25 v1.2c Standard LaTeX Graphics (DPC,SPQR)
 (/usr/share/texlive/texmf-dist/tex/latex/graphics/trig.sty
Package: trig 2016/01/03 v1.10 sin cos tan (DPC)
) (/usr/share/texlive/texmf-dist/tex/latex/graphics-cfg/graphics.cfg
File: graphics.cfg 2016/06/04 v1.11 sample graphics configuration
)
Package graphics Info: Driver file: pdftex.def on input line 99.
 (/usr/share/texlive/texmf-dist/tex/latex/graphics-def/pdftex.def
File: pdftex.def 2018/01/08 v1.0l Graphics/color driver for pdftex
))
\Gin@req@height=\dimen126
\Gin@req@width=\dimen127
) (/usr/share/texlive/texmf-dist/tex/latex/subfig/subfig.sty
Package: subfig 2005/06/28 ver: 1.3 subfig package
 (/usr/share/texlive/texmf-dist/tex/latex/caption/caption.sty
Package: caption 2016/02/21 v3.3-144 Customizing captions (AR)
 (/usr/share/texlive/texmf-dist/tex/latex/caption/caption3.sty
Package: caption3 2016/05/22 v1.7-166 caption3 kernel (AR)
Package caption3 Info: TeX engine: e-TeX on input line 67.
\captionmargin=\dimen128
\captionmargin@=\dimen129
\captionwidth=\dimen130
\caption@tempdima=\dimen131
\caption@indent=\dimen132
\caption@parindent=\dimen133
\caption@hangindent=\dimen134
Package caption Info: Unknown document class (or package),
(caption)             standard defaults will be used.
)

Package caption Warning: Unsupported document class (or package) detected,
(caption)                usage of the caption package is not recommended.
See the caption package documentation for explanation.

Package caption Info: \@makecaption = \long macro:#1#2->\ifx \@captype \@IEEEtablestring \footnotesize \bgroup \par \centering \@IEEEtabletopskipstrut {\normalfont \footnotesize #1}\\{\normalfont \footnotesize \scshape #2}\par \addvspace {0.5\baselineskip }\egroup \@IEEEtablecaptionsepspace \else \@IEEEfigurecaptionsepspace \setbox \@tempboxa \hbox {\normalfont \footnotesize {#1.}\nobreakspace \nobreakspace #2}\ifdim \wd \@tempboxa >\hsize \setbox \@tempboxa \hbox {\normalfont \footnotesize {#1.}\nobreakspace \nobreakspace }\parbox [t]{\hsize }{\normalfont \footnotesize \noindent \unhbox \@tempboxa #2}\else \ifCLASSOPTIONconference \hbox to\hsize {\normalfont \footnotesize \hfil \box \@tempboxa \hfil }\else \hbox to\hsize {\normalfont \footnotesize \box \@tempboxa \hfil }\fi \fi \fi .
\c@ContinuedFloat=\count94
)
\c@KVtest=\count95
\sf@farskip=\skip44
\sf@captopadj=\dimen135
\sf@capskip=\skip45
\sf@nearskip=\skip46
\c@subfigure=\count96
\c@subfigure@save=\count97
\c@lofdepth=\count98
\c@subtable=\count99
\c@subtable@save=\count100
\c@lotdepth=\count101
\sf@top=\skip47
\sf@bottom=\skip48
) (/usr/share/texlive/texmf-dist/tex/latex/tools/tabularx.sty
Package: tabularx 2016/02/03 v2.11 `tabularx' package (DPC)
 (/usr/share/texlive/texmf-dist/tex/latex/tools/array.sty
Package: array 2016/10/06 v2.4d Tabular extension package (FMi)
\col@sep=\dimen136
\extrarowheight=\dimen137
\NC@list=\toks16
\extratabsurround=\skip49
\backup@length=\skip50
)
\TX@col@width=\dimen138
\TX@old@table=\dimen139
\TX@old@col=\dimen140
\TX@target=\dimen141
\TX@delta=\dimen142
\TX@cols=\count102
\TX@ftn=\toks17
) (/usr/share/texlive/texmf-dist/tex/latex/amsmath/amsmath.sty
Package: amsmath 2017/09/02 v2.17a AMS math features
\@mathmargin=\skip51

For additional information on amsmath, use the `?' option.
(/usr/share/texlive/texmf-dist/tex/latex/amsmath/amstext.sty
Package: amstext 2000/06/29 v2.01 AMS text
 (/usr/share/texlive/texmf-dist/tex/latex/amsmath/amsgen.sty
File: amsgen.sty 1999/11/30 v2.0 generic functions
\@emptytoks=\toks18
\ex@=\dimen143
)) (/usr/share/texlive/texmf-dist/tex/latex/amsmath/amsbsy.sty
Package: amsbsy 1999/11/29 v1.2d Bold Symbols
\pmbraise@=\dimen144
) (/usr/share/texlive/texmf-dist/tex/latex/amsmath/amsopn.sty
Package: amsopn 2016/03/08 v2.02 operator names
)
\inf@bad=\count103
LaTeX Info: Redefining \frac on input line 213.
\uproot@=\count104
\leftroot@=\count105
LaTeX Info: Redefining \overline on input line 375.
\classnum@=\count106
\DOTSCASE@=\count107
LaTeX Info: Redefining \ldots on input line 472.
LaTeX Info: Redefining \dots on input line 475.
LaTeX Info: Redefining \cdots on input line 596.
\Mathstrutbox@=\box28
\strutbox@=\box29
\big@size=\dimen145
LaTeX Font Info:    Redeclaring font encoding OML on input line 712.
LaTeX Font Info:    Redeclaring font encoding OMS on input line 713.
\macc@depth=\count108
\c@MaxMatrixCols=\count109
\dotsspace@=\muskip10
\c@parentequation=\count110
\dspbrk@lvl=\count111
\tag@help=\toks19
\row@=\count112
\column@=\count113
\maxfields@=\count114
\andhelp@=\toks20
\eqnshift@=\dimen146
\alignsep@=\dimen147
\tagshift@=\dimen148
\tagwidth@=\dimen149
\totwidth@=\dimen150
\lineht@=\dimen151
\@envbody=\toks21
\multlinegap=\skip52
\multlinetaggap=\skip53
\mathdisplay@stack=\toks22
LaTeX Info: Redefining \[ on input line 2817.
LaTeX Info: Redefining \] on input line 2818.
) (/usr/share/texlive/texmf-dist/tex/latex/amsfonts/amsfonts.sty
Package: amsfonts 2013/01/14 v3.01 Basic AMSFonts support
\symAMSa=\mathgroup4
\symAMSb=\mathgroup5
LaTeX Font Info:    Overwriting math alphabet `\mathfrak' in version `bold'
(Font)                  U/euf/m/n --> U/euf/b/n on input line 106.
) (/usr/share/texlive/texmf-dist/tex/latex/doublestroke/dsfont.sty
Package: dsfont 1995/08/01 v0.1 Double stroke roman fonts
) (/usr/share/texlive/texmf-dist/tex/latex/multirow/multirow.sty
Package: multirow 2016/11/25 v2.2 Span multiple rows of a table
\multirow@colwidth=\skip54
\multirow@cntb=\count115
\multirow@dima=\skip55
\bigstrutjot=\dimen152
) (/usr/share/texlive/texmf-dist/tex/generic/schemata/schemata.sty
Package: schemata 2016/01/25 v0.8 generic package to aid construction of topical categories
\@rhs=\box30
\@lhs=\box31
\@rheight=\dimen153
\@lheight=\dimen154
) (/usr/share/texlive/texmf-dist/tex/latex/makecell/makecell.sty
Package: makecell 2009/08/03 V0.1e Managing of Tab Column Heads and Cells
\rotheadsize=\dimen155
\c@nlinenum=\count116
\TeXr@lab=\toks23
) (/usr/share/texlive/texmf-dist/tex/latex/xcolor/xcolor.sty
Package: xcolor 2016/05/11 v2.12 LaTeX color extensions (UK)
 (/usr/share/texlive/texmf-dist/tex/latex/graphics-cfg/color.cfg
File: color.cfg 2016/01/02 v1.6 sample color configuration
)
Package xcolor Info: Driver file: pdftex.def on input line 225.
Package xcolor Info: Model `cmy' substituted by `cmy0' on input line 1348.
Package xcolor Info: Model `hsb' substituted by `rgb' on input line 1352.
Package xcolor Info: Model `RGB' extended on input line 1364.
Package xcolor Info: Model `HTML' substituted by `rgb' on input line 1366.
Package xcolor Info: Model `Hsb' substituted by `hsb' on input line 1367.
Package xcolor Info: Model `tHsb' substituted by `hsb' on input line 1368.
Package xcolor Info: Model `HSB' substituted by `hsb' on input line 1369.
Package xcolor Info: Model `Gray' substituted by `gray' on input line 1370.
Package xcolor Info: Model `wave' substituted by `hsb' on input line 1371.
) (/20TB0/ls_workspace/lsnetv2/bare_jrnl.aux)
\openout1 = `bare_jrnl.aux'.

LaTeX Font Info:    Checking defaults for OML/cmm/m/it on input line 362.
LaTeX Font Info:    ... okay on input line 362.
LaTeX Font Info:    Checking defaults for T1/cmr/m/n on input line 362.
LaTeX Font Info:    ... okay on input line 362.
LaTeX Font Info:    Checking defaults for OT1/cmr/m/n on input line 362.
LaTeX Font Info:    ... okay on input line 362.
LaTeX Font Info:    Checking defaults for OMS/cmsy/m/n on input line 362.
LaTeX Font Info:    ... okay on input line 362.
LaTeX Font Info:    Checking defaults for OMX/cmex/m/n on input line 362.
LaTeX Font Info:    ... okay on input line 362.
LaTeX Font Info:    Checking defaults for U/cmr/m/n on input line 362.
LaTeX Font Info:    ... okay on input line 362.

-- Lines per column: 58 (exact).
(/usr/share/texlive/texmf-dist/tex/context/base/mkii/supp-pdf.mkii
[Loading MPS to PDF converter (version 2006.09.02).]
\scratchcounter=\count117
\scratchdimen=\dimen156
\scratchbox=\box32
\nofMPsegments=\count118
\nofMParguments=\count119
\everyMPshowfont=\toks24
\MPscratchCnt=\count120
\MPscratchDim=\dimen157
\MPnumerator=\count121
\makeMPintoPDFobject=\count122
\everyMPtoPDFconversion=\toks25
) (/usr/share/texlive/texmf-dist/tex/latex/oberdiek/epstopdf-base.sty
Package: epstopdf-base 2016/05/15 v2.6 Base part for package epstopdf
 (/usr/share/texlive/texmf-dist/tex/generic/oberdiek/infwarerr.sty
Package: infwarerr 2016/05/16 v1.4 Providing info/warning/error messages (HO)
) (/usr/share/texlive/texmf-dist/tex/latex/oberdiek/grfext.sty
Package: grfext 2016/05/16 v1.2 Manage graphics extensions (HO)
 (/usr/share/texlive/texmf-dist/tex/generic/oberdiek/kvdefinekeys.sty
Package: kvdefinekeys 2016/05/16 v1.4 Define keys (HO)
 (/usr/share/texlive/texmf-dist/tex/generic/oberdiek/ltxcmds.sty
Package: ltxcmds 2016/05/16 v1.23 LaTeX kernel commands for general use (HO)
))) (/usr/share/texlive/texmf-dist/tex/latex/oberdiek/kvoptions.sty
Package: kvoptions 2016/05/16 v3.12 Key value format for package options (HO)
 (/usr/share/texlive/texmf-dist/tex/generic/oberdiek/kvsetkeys.sty
Package: kvsetkeys 2016/05/16 v1.17 Key value parser (HO)
 (/usr/share/texlive/texmf-dist/tex/generic/oberdiek/etexcmds.sty
Package: etexcmds 2016/05/16 v1.6 Avoid name clashes with e-TeX commands (HO)
 (/usr/share/texlive/texmf-dist/tex/generic/oberdiek/ifluatex.sty
Package: ifluatex 2016/05/16 v1.4 Provides the ifluatex switch (HO)
Package ifluatex Info: LuaTeX not detected.
)
Package etexcmds Info: Could not find \expanded.
(etexcmds)             That can mean that you are not using pdfTeX 1.50 or
(etexcmds)             that some package has redefined \expanded.
(etexcmds)             In the latter case, load this package earlier.
))) (/usr/share/texlive/texmf-dist/tex/generic/oberdiek/pdftexcmds.sty
Package: pdftexcmds 2018/01/21 v0.26 Utility functions of pdfTeX for LuaTeX (HO)
 (/usr/share/texlive/texmf-dist/tex/generic/oberdiek/ifpdf.sty
Package: ifpdf 2017/03/15 v3.2 Provides the ifpdf switch
)
Package pdftexcmds Info: LuaTeX not detected.
Package pdftexcmds Info: \pdf@primitive is available.
Package pdftexcmds Info: \pdf@ifprimitive is available.
Package pdftexcmds Info: \pdfdraftmode found.
)
Package epstopdf-base Info: Redefining graphics rule for `.eps' on input line 438.
Package grfext Info: Graphics extension search list:
(grfext)             [.pdf,.png,.jpg,.mps,.jpeg,.jbig2,.jb2,.PDF,.PNG,.JPG,.JPEG,.JBIG2,.JB2,.eps]
(grfext)             \AppendGraphicsExtensions on input line 456.
 (/usr/share/texlive/texmf-dist/tex/latex/latexconfig/epstopdf-sys.cfg
File: epstopdf-sys.cfg 2010/07/13 v1.3 Configuration of (r)epstopdf for TeX Live
))
Package caption Info: Begin \AtBeginDocument code.
Package caption Info: subfig package v1.3 is loaded.
Package caption Info: End \AtBeginDocument code.
LaTeX Font Info:    Try loading font information for U+msa on input line 450.
 (/usr/share/texlive/texmf-dist/tex/latex/amsfonts/umsa.fd
File: umsa.fd 2013/01/14 v3.01 AMS symbols A
)
LaTeX Font Info:    Try loading font information for U+msb on input line 450.
 (/usr/share/texlive/texmf-dist/tex/latex/amsfonts/umsb.fd
File: umsb.fd 2013/01/14 v3.01 AMS symbols B
)
LaTeX Font Info:    Font shape `OT1/ptm/bx/n' in size <6> not available
(Font)              Font shape `OT1/ptm/b/n' tried instead on input line 450.


LaTeX Warning: Citation `pge_bankruptcy' on page 1 undefined on input line 490.


LaTeX Warning: Citation `related_work_kasturi_2002' on page 1 undefined on input line 596.


LaTeX Warning: Citation `related_work_steger_1998' on page 1 undefined on input line 596.


LaTeX Warning: Citation `related_work_guanjian_yan_2007' on page 1 undefined on input line 596.


LaTeX Warning: Citation `related_work_li_zhenrong_2010' on page 1 undefined on input line 596.


LaTeX Warning: Citation `related_work_candamo_2009' on page 1 undefined on input line 596.


LaTeX Warning: Citation `related_work_golightly_2005' on page 1 undefined on input line 596.


LaTeX Warning: Citation `related_work_zhengrong_li_2008' on page 1 undefined on input line 596.


LaTeX Warning: Citation `related_work_boris_alpatov_2016' on page 1 undefined on input line 596.


LaTeX Warning: Citation `related_work_biqin_song_2014' on page 1 undefined on input line 596.


LaTeX Warning: Citation `related_work_chaofeng_pan_2016' on page 1 undefined on input line 598.


LaTeX Warning: Citation `related_work_jayavardhana_gubbi' on page 1 undefined on input line 598.


LaTeX Warning: Citation `lsd' on page 1 undefined on input line 598.


LaTeX Warning: Citation `related_work_rainesh_mandaan_2017' on page 1 undefined on input line 598.


LaTeX Warning: Citation `related_work_heng_zhang_2019' on page 1 undefined on input line 598.


LaTeX Warning: Citation `related_work_yan_li_2019' on page 1 undefined on input line 598.


LaTeX Warning: Citation `related_work_omer_emre_yetgin_2018' on page 1 undefined on input line 598.


LaTeX Warning: Citation `related_work_rabab_abdelfattah_2022' on page 1 undefined on input line 598.


LaTeX Warning: Citation `related_work_rabeea_haffari_2021' on page 1 undefined on input line 598.


LaTeX Warning: Citation `related_work_rainesh_mandaan_2017' on page 1 undefined on input line 600.


LaTeX Warning: Citation `related_work_omer_emre_yetgin_2018' on page 1 undefined on input line 601.


LaTeX Warning: Citation `deng2009imagenet' on page 1 undefined on input line 601.


LaTeX Warning: Citation `related_work_yan_li_2019' on page 1 undefined on input line 601.


LaTeX Warning: Citation `related_work_rabab_abdelfattah_2022' on page 1 undefined on input line 601.


LaTeX Warning: Citation `related_work_hyeyeon_choi_2021' on page 1 undefined on input line 601.


LaTeX Warning: Citation `vbp' on page 1 undefined on input line 601.


LaTeX Warning: Citation `related_work_sang_jun_lee_2017' on page 1 undefined on input line 601.

[1{/var/lib/texmf/fonts/map/pdftex/updmap/pdftex.map}


]

LaTeX Warning: Citation `Nguyen2020' on page 2 undefined on input line 608.


LaTeX Warning: Citation `SSD' on page 2 undefined on input line 608.


LaTeX Warning: Citation `YOLO' on page 2 undefined on input line 608.


LaTeX Warning: Citation `SSD' on page 2 undefined on input line 612.


LaTeX Warning: Citation `YOLO' on page 2 undefined on input line 612.


LaTeX Warning: Reference `' on page 2 undefined on input line 612.


LaTeX Warning: Reference `lsnet_architecture' on page 2 undefined on input line 614.


LaTeX Warning: Citation `VGG16' on page 2 undefined on input line 614.


LaTeX Warning: Citation `group_norm' on page 2 undefined on input line 614.


LaTeX Warning: Reference `lsnet_config' on page 2 undefined on input line 614.


LaTeX Warning: Citation `torchscan' on page 2 undefined on input line 623.


LaTeX Warning: Reference `' on page 2 undefined on input line 623.

[2]

LaTeX Warning: Citation `convnext' on page 3 undefined on input line 627.


LaTeX Warning: Citation `resnet' on page 3 undefined on input line 627.


LaTeX Warning: Citation `swin' on page 3 undefined on input line 627.


LaTeX Warning: Citation `resnext' on page 3 undefined on input line 627.


LaTeX Warning: Citation `batchnorm' on page 3 undefined on input line 627.


LaTeX Warning: Citation `layernorm' on page 3 undefined on input line 627.


LaTeX Warning: Citation `relu' on page 3 undefined on input line 627.


LaTeX Warning: Citation `gelu' on page 3 undefined on input line 627.


LaTeX Warning: Citation `16x16' on page 3 undefined on input line 631.


LaTeX Warning: Citation `attention' on page 3 undefined on input line 631.


LaTeX Warning: Citation `DETR' on page 3 undefined on input line 631.


LaTeX Warning: Citation `?' on page 3 undefined on input line 631.


LaTeX Warning: Citation `DETR' on page 3 undefined on input line 633.

LaTeX Font Info:    Try loading font information for U+euf on input line 635.
(/usr/share/texlive/texmf-dist/tex/latex/amsfonts/ueuf.fd
File: ueuf.fd 2013/01/14 v3.01 Euler Fraktur
)

LaTeX Warning: Citation `DETR' on page 3 undefined on input line 641.

LaTeX Font Info:    Try loading font information for U+dsrom on input line 641.
(/usr/share/texlive/texmf-dist/tex/latex/doublestroke/Udsrom.fd
File: Udsrom.fd 1995/08/01 v0.1 Double stroke roman font definitions
)
Underfull \hbox (badness 2368) in paragraph at lines 641--642
\OT1/ptm/m/n/10 Sim-i-larly to [[]], this loss is de-fined as $\OMS/cmsy/m/n/10 ^^@[]\OT1/cmr/m/n/10 (\OML/cmm/m/it/10 c[]\OT1/cmr/m/n/10 ) +
 []


LaTeX Warning: Citation `DETR' on page 3 undefined on input line 644.


LaTeX Warning: Citation `skeleton' on page 3 undefined on input line 650.

Missing character: There is no â in font ptmr7t!
Missing character: There is no € in font ptmr7t!
Missing character: There is no “ in font ptmr7t!
Missing character: There is no â in font ptmr7t!
Missing character: There is no € in font ptmr7t!
Missing character: There is no “ in font ptmr7t!

LaTeX Warning: Citation `RDP' on page 3 undefined on input line 650.


LaTeX Warning: Citation `skeleton' on page 3 undefined on input line 652.

Missing character: There is no â in font ptmr7t!
Missing character: There is no € in font ptmr7t!
Missing character: There is no “ in font ptmr7t!
Missing character: There is no â in font ptmr7t!
Missing character: There is no € in font ptmr7t!
Missing character: There is no “ in font ptmr7t!

LaTeX Warning: Citation `RDP' on page 3 undefined on input line 652.

[3]

LaTeX Warning: Citation `PLD_UAV' on page 4 undefined on input line 655.


LaTeX Warning: Citation `TTPLA' on page 4 undefined on input line 659.


LaTeX Warning: Reference `ttpla_examples_fig' on page 4 undefined on input line 659.


LaTeX Warning: Reference `esmart_examples_fig' on page 4 undefined on input line 663.


LaTeX Warning: Citation `REF' on page 4 undefined on input line 667.


Underfull \vbox (badness 10000) has occurred while \output is active []



LaTeX Warning: Citation `Nguyen2020' on page 4 undefined on input line 672.


LaTeX Warning: Citation `F03' on page 4 undefined on input line 676.


LaTeX Warning: Reference `hirecall' on page 4 undefined on input line 676.


LaTeX Warning: Citation `resnet' on page 4 undefined on input line 680.


LaTeX Warning: Citation `efficientnetv2' on page 4 undefined on input line 680.


LaTeX Warning: Reference `backbone_arch' on page 4 undefined on input line 680.


LaTeX Warning: Citation `related_work_rabab_abdelfattah_2022' on page 4 undefined on input line 680.


LaTeX Warning: Citation `fpn' on page 4 undefined on input line 680.


LaTeX Warning: Citation `deeplapv3' on page 4 undefined on input line 680.


LaTeX Warning: Citation `unetplusplus' on page 4 undefined on input line 680.


LaTeX Warning: Citation `afm' on page 4 undefined on input line 680.


LaTeX Warning: Citation `lcnn' on page 4 undefined on input line 680.


LaTeX Warning: Citation `hawp' on page 4 undefined on input line 680.

[4]

LaTeX Warning: No positions in optional float specifier.
               Default added (so using `tbp') on input line 688.


Overfull \hbox (6.08803pt too wide) in paragraph at lines 689--695
[][] 
 []


LaTeX Warning: No positions in optional float specifier.
               Default added (so using `tbp') on input line 698.


Overfull \hbox (32.10367pt too wide) in paragraph at lines 699--707
[][] 
 []


LaTeX Warning: No positions in optional float specifier.
               Default added (so using `tbp') on input line 712.


Overfull \hbox (41.04706pt too wide) in paragraph at lines 713--727
[][] 
 []


LaTeX Warning: No positions in optional float specifier.
               Default added (so using `tbp') on input line 810.


Overfull \hbox (6.30319pt too wide) in paragraph at lines 811--820
[][] 
 []


LaTeX Warning: No positions in optional float specifier.
               Default added (so using `tbp') on input line 823.


Overfull \hbox (6.30319pt too wide) in paragraph at lines 824--833
[][] 
 []


LaTeX Warning: No positions in optional float specifier.
               Default added (so using `tbp') on input line 975.

/20TB0/ls_workspace/lsnetv2/bare_jrnl.tex:978: Missing $ inserted.
<inserted text> 
                $
l.978 ...&              &     & \makecell{\effone}
                                                   &               \\ \hline
I've inserted a begin-math/end-math symbol since I think
you left one out. Proceed, with fingers crossed.

/20TB0/ls_workspace/lsnetv2/bare_jrnl.tex:978: Missing $ inserted.
<inserted text> 
                $
l.978 ...&              &     & \makecell{\effone}
                                                   &               \\ \hline
I've inserted something that you may have forgotten.
(See the <inserted text> above.)
With luck, this will get me unwedged. But if you
really didn't forget anything, try typing `2' now; then
my insertion and my current dilemma will both disappear.

/20TB0/ls_workspace/lsnetv2/bare_jrnl.tex:979: Missing $ inserted.
<inserted text> 
                $
l.979 ...128   &              & \makecell{\resone}
                                                    & \makecell{\efftwo}  & ...
I've inserted a begin-math/end-math symbol since I think
you left one out. Proceed, with fingers crossed.

/20TB0/ls_workspace/lsnetv2/bare_jrnl.tex:979: Missing $ inserted.
<inserted text> 
                $
l.979 ...128   &              & \makecell{\resone}
                                                    & \makecell{\efftwo}  & ...
I've inserted something that you may have forgotten.
(See the <inserted text> above.)
With luck, this will get me unwedged. But if you
really didn't forget anything, try typing `2' now; then
my insertion and my current dilemma will both disappear.

/20TB0/ls_workspace/lsnetv2/bare_jrnl.tex:979: Missing $ inserted.
<inserted text> 
                $
l.979 ...ecell{\efftwo}  & \makecell{\convnextone}
                                                   \\ \hline
I've inserted a begin-math/end-math symbol since I think
you left one out. Proceed, with fingers crossed.

/20TB0/ls_workspace/lsnetv2/bare_jrnl.tex:979: Missing $ inserted.
<inserted text> 
                $
l.979 ...ecell{\efftwo}  & \makecell{\convnextone}
                                                   \\ \hline
I've inserted something that you may have forgotten.
(See the <inserted text> above.)
With luck, this will get me unwedged. But if you
really didn't forget anything, try typing `2' now; then
my insertion and my current dilemma will both disappear.

/20TB0/ls_workspace/lsnetv2/bare_jrnl.tex:980: Missing $ inserted.
<inserted text> 
                $
l.980 ...cell{\effthree} & \makecell{\convnexttwo}
                                                     \\ \hline
I've inserted a begin-math/end-math symbol since I think
you left one out. Proceed, with fingers crossed.

/20TB0/ls_workspace/lsnetv2/bare_jrnl.tex:980: Missing $ inserted.
<inserted text> 
                $
l.980 ...cell{\effthree} & \makecell{\convnexttwo}
                                                     \\ \hline
I've inserted something that you may have forgotten.
(See the <inserted text> above.)
With luck, this will get me unwedged. But if you
really didn't forget anything, try typing `2' now; then
my insertion and my current dilemma will both disappear.

/20TB0/ls_workspace/lsnetv2/bare_jrnl.tex:981: Missing $ inserted.
<inserted text> 
                $
l.981 ...ll{\efffour}  & \makecell{\convnextthree}
                                                    \\ \hline
I've inserted a begin-math/end-math symbol since I think
you left one out. Proceed, with fingers crossed.

/20TB0/ls_workspace/lsnetv2/bare_jrnl.tex:981: Missing $ inserted.
<inserted text> 
                $
l.981 ...ll{\efffour}  & \makecell{\convnextthree}
                                                    \\ \hline
I've inserted something that you may have forgotten.
(See the <inserted text> above.)
With luck, this will get me unwedged. But if you
really didn't forget anything, try typing `2' now; then
my insertion and my current dilemma will both disappear.

File: imgs/pldu_base_imgs/250.jpg Graphic file (type jpg)
<use imgs/pldu_base_imgs/250.jpg>
Package pdftex.def Info: imgs/pldu_base_imgs/250.jpg  used on input line 1050.
(pdftex.def)             Requested size: 119.24506pt x 119.24207pt.
File: imgs/pldu_gt/250.png Graphic file (type png)
<use imgs/pldu_gt/250.png>
Package pdftex.def Info: imgs/pldu_gt/250.png  used on input line 1050.
(pdftex.def)             Requested size: 119.24506pt x 119.24207pt.
File: imgs/pldu_old/250.png Graphic file (type png)
<use imgs/pldu_old/250.png>
Package pdftex.def Info: imgs/pldu_old/250.png  used on input line 1050.
(pdftex.def)             Requested size: 119.24506pt x 119.24207pt.
File: imgs/pldu_new/250.png Graphic file (type png)
<use imgs/pldu_new/250.png>
Package pdftex.def Info: imgs/pldu_new/250.png  used on input line 1050.
(pdftex.def)             Requested size: 119.24506pt x 119.24207pt.
File: imgs/pldu_base_imgs/355.jpg Graphic file (type jpg)
<use imgs/pldu_base_imgs/355.jpg>
Package pdftex.def Info: imgs/pldu_base_imgs/355.jpg  used on input line 1050.
(pdftex.def)             Requested size: 119.24506pt x 119.24207pt.
File: imgs/pldu_gt/355.png Graphic file (type png)
<use imgs/pldu_gt/355.png>
Package pdftex.def Info: imgs/pldu_gt/355.png  used on input line 1050.
(pdftex.def)             Requested size: 119.24506pt x 119.24207pt.
File: imgs/pldu_old/355.png Graphic file (type png)
<use imgs/pldu_old/355.png>
Package pdftex.def Info: imgs/pldu_old/355.png  used on input line 1050.
(pdftex.def)             Requested size: 119.24506pt x 119.24207pt.
File: imgs/pldu_new/355.png Graphic file (type png)
<use imgs/pldu_new/355.png>
Package pdftex.def Info: imgs/pldu_new/355.png  used on input line 1050.
(pdftex.def)             Requested size: 119.24506pt x 119.24207pt.
File: imgs/pldu_base_imgs/358.jpg Graphic file (type jpg)
<use imgs/pldu_base_imgs/358.jpg>
Package pdftex.def Info: imgs/pldu_base_imgs/358.jpg  used on input line 1050.
(pdftex.def)             Requested size: 119.24506pt x 119.24207pt.
File: imgs/pldu_gt/358.png Graphic file (type png)
<use imgs/pldu_gt/358.png>
Package pdftex.def Info: imgs/pldu_gt/358.png  used on input line 1050.
(pdftex.def)             Requested size: 119.24506pt x 119.24207pt.
File: imgs/pldu_old/358.png Graphic file (type png)
<use imgs/pldu_old/358.png>
Package pdftex.def Info: imgs/pldu_old/358.png  used on input line 1050.
(pdftex.def)             Requested size: 119.24506pt x 119.24207pt.
File: imgs/pldu_new/358.png Graphic file (type png)
<use imgs/pldu_new/358.png>
Package pdftex.def Info: imgs/pldu_new/358.png  used on input line 1050.
(pdftex.def)             Requested size: 119.24506pt x 119.24207pt.
File: imgs/pldu_base_imgs/481.jpg Graphic file (type jpg)
<use imgs/pldu_base_imgs/481.jpg>
Package pdftex.def Info: imgs/pldu_base_imgs/481.jpg  used on input line 1050.
(pdftex.def)             Requested size: 119.24506pt x 119.24207pt.
File: imgs/pldu_gt/481.png Graphic file (type png)
<use imgs/pldu_gt/481.png>
Package pdftex.def Info: imgs/pldu_gt/481.png  used on input line 1050.
(pdftex.def)             Requested size: 119.24506pt x 119.24207pt.
File: imgs/pldu_old/481.png Graphic file (type png)
<use imgs/pldu_old/481.png>
Package pdftex.def Info: imgs/pldu_old/481.png  used on input line 1050.
(pdftex.def)             Requested size: 119.24506pt x 119.24207pt.
File: imgs/pldu_new/481.png Graphic file (type png)
<use imgs/pldu_new/481.png>
Package pdftex.def Info: imgs/pldu_new/481.png  used on input line 1050.
(pdftex.def)             Requested size: 119.24506pt x 119.24207pt.
File: imgs/pldu_base_imgs/637.jpg Graphic file (type jpg)
<use imgs/pldu_base_imgs/637.jpg>
Package pdftex.def Info: imgs/pldu_base_imgs/637.jpg  used on input line 1050.
(pdftex.def)             Requested size: 119.24506pt x 119.24207pt.
File: imgs/pldu_gt/637.png Graphic file (type png)
<use imgs/pldu_gt/637.png>
Package pdftex.def Info: imgs/pldu_gt/637.png  used on input line 1050.
(pdftex.def)             Requested size: 119.24506pt x 119.24207pt.
File: imgs/pldu_old/637.png Graphic file (type png)
<use imgs/pldu_old/637.png>
Package pdftex.def Info: imgs/pldu_old/637.png  used on input line 1050.
(pdftex.def)             Requested size: 119.24506pt x 119.24207pt.
File: imgs/pldu_new/637.png Graphic file (type png)
<use imgs/pldu_new/637.png>
Package pdftex.def Info: imgs/pldu_new/637.png  used on input line 1050.
(pdftex.def)             Requested size: 119.24506pt x 119.24207pt.

Overfull \hbox (8.98022pt too wide) in alignment at lines 1050--1050
[][][][] 
 []


LaTeX Warning: Float too large for page by 1.81055pt on input line 1052.

File: imgs/esmart_base_imgs/Alta__4ba599e9-bf87-4283-aa2c-8d0bdd9b4e6e.JPG Graphic file (type jpg)
<use imgs/esmart_base_imgs/Alta__4ba599e9-bf87-4283-aa2c-8d0bdd9b4e6e.JPG>
Package pdftex.def Info: imgs/esmart_base_imgs/Alta__4ba599e9-bf87-4283-aa2c-8d0bdd9b4e6e.JPG  used on input line 1085.
(pdftex.def)             Requested size: 119.24506pt x 119.22638pt.
File: imgs/esmart_gt/Alta__4ba599e9-bf87-4283-aa2c-8d0bdd9b4e6e.png Graphic file (type png)
<use imgs/esmart_gt/Alta__4ba599e9-bf87-4283-aa2c-8d0bdd9b4e6e.png>
Package pdftex.def Info: imgs/esmart_gt/Alta__4ba599e9-bf87-4283-aa2c-8d0bdd9b4e6e.png  used on input line 1085.
(pdftex.def)             Requested size: 119.24506pt x 119.24207pt.
File: imgs/esmart_old/Alta__4ba599e9-bf87-4283-aa2c-8d0bdd9b4e6e.png Graphic file (type png)
<use imgs/esmart_old/Alta__4ba599e9-bf87-4283-aa2c-8d0bdd9b4e6e.png>
Package pdftex.def Info: imgs/esmart_old/Alta__4ba599e9-bf87-4283-aa2c-8d0bdd9b4e6e.png  used on input line 1085.
(pdftex.def)             Requested size: 119.24506pt x 119.24207pt.
File: imgs/esmart_new/Alta__4ba599e9-bf87-4283-aa2c-8d0bdd9b4e6e.png Graphic file (type png)
<use imgs/esmart_new/Alta__4ba599e9-bf87-4283-aa2c-8d0bdd9b4e6e.png>
Package pdftex.def Info: imgs/esmart_new/Alta__4ba599e9-bf87-4283-aa2c-8d0bdd9b4e6e.png  used on input line 1085.
(pdftex.def)             Requested size: 119.24506pt x 119.24207pt.
File: imgs/esmart_base_imgs/Alta__05ceb653-bdc2-78a8-0747-a63831e3ebc9.JPG Graphic file (type jpg)
<use imgs/esmart_base_imgs/Alta__05ceb653-bdc2-78a8-0747-a63831e3ebc9.JPG>
Package pdftex.def Info: imgs/esmart_base_imgs/Alta__05ceb653-bdc2-78a8-0747-a63831e3ebc9.JPG  used on input line 1085.
(pdftex.def)             Requested size: 119.24506pt x 119.22638pt.
File: imgs/esmart_gt/Alta__05ceb653-bdc2-78a8-0747-a63831e3ebc9.png Graphic file (type png)
<use imgs/esmart_gt/Alta__05ceb653-bdc2-78a8-0747-a63831e3ebc9.png>
Package pdftex.def Info: imgs/esmart_gt/Alta__05ceb653-bdc2-78a8-0747-a63831e3ebc9.png  used on input line 1085.
(pdftex.def)             Requested size: 119.24506pt x 119.24207pt.
File: imgs/esmart_old/Alta__05ceb653-bdc2-78a8-0747-a63831e3ebc9.png Graphic file (type png)
<use imgs/esmart_old/Alta__05ceb653-bdc2-78a8-0747-a63831e3ebc9.png>
Package pdftex.def Info: imgs/esmart_old/Alta__05ceb653-bdc2-78a8-0747-a63831e3ebc9.png  used on input line 1085.
(pdftex.def)             Requested size: 119.24506pt x 119.24207pt.
File: imgs/esmart_new/Alta__05ceb653-bdc2-78a8-0747-a63831e3ebc9.png Graphic file (type png)
<use imgs/esmart_new/Alta__05ceb653-bdc2-78a8-0747-a63831e3ebc9.png>
Package pdftex.def Info: imgs/esmart_new/Alta__05ceb653-bdc2-78a8-0747-a63831e3ebc9.png  used on input line 1085.
(pdftex.def)             Requested size: 119.24506pt x 119.24207pt.
File: imgs/esmart_base_imgs/Alta__6a6a5379-a993-4be1-9d79-236991f70d38.JPG Graphic file (type jpg)
<use imgs/esmart_base_imgs/Alta__6a6a5379-a993-4be1-9d79-236991f70d38.JPG>
Package pdftex.def Info: imgs/esmart_base_imgs/Alta__6a6a5379-a993-4be1-9d79-236991f70d38.JPG  used on input line 1085.
(pdftex.def)             Requested size: 119.24506pt x 119.22638pt.
File: imgs/esmart_gt/Alta__6a6a5379-a993-4be1-9d79-236991f70d38.png Graphic file (type png)
<use imgs/esmart_gt/Alta__6a6a5379-a993-4be1-9d79-236991f70d38.png>
Package pdftex.def Info: imgs/esmart_gt/Alta__6a6a5379-a993-4be1-9d79-236991f70d38.png  used on input line 1085.
(pdftex.def)             Requested size: 119.24506pt x 119.24207pt.
File: imgs/esmart_old/Alta__6a6a5379-a993-4be1-9d79-236991f70d38.png Graphic file (type png)
<use imgs/esmart_old/Alta__6a6a5379-a993-4be1-9d79-236991f70d38.png>
Package pdftex.def Info: imgs/esmart_old/Alta__6a6a5379-a993-4be1-9d79-236991f70d38.png  used on input line 1085.
(pdftex.def)             Requested size: 119.24506pt x 119.24207pt.
File: imgs/esmart_new/Alta__6a6a5379-a993-4be1-9d79-236991f70d38.png Graphic file (type png)
<use imgs/esmart_new/Alta__6a6a5379-a993-4be1-9d79-236991f70d38.png>
Package pdftex.def Info: imgs/esmart_new/Alta__6a6a5379-a993-4be1-9d79-236991f70d38.png  used on input line 1085.
(pdftex.def)             Requested size: 119.24506pt x 119.24207pt.
File: imgs/esmart_base_imgs/Alta__9abf75f2-84d8-490d-9a2e-ae77606bcd02.JPG Graphic file (type jpg)
<use imgs/esmart_base_imgs/Alta__9abf75f2-84d8-490d-9a2e-ae77606bcd02.JPG>
Package pdftex.def Info: imgs/esmart_base_imgs/Alta__9abf75f2-84d8-490d-9a2e-ae77606bcd02.JPG  used on input line 1085.
(pdftex.def)             Requested size: 119.24506pt x 119.22638pt.
File: imgs/esmart_gt/Alta__9abf75f2-84d8-490d-9a2e-ae77606bcd02.png Graphic file (type png)
<use imgs/esmart_gt/Alta__9abf75f2-84d8-490d-9a2e-ae77606bcd02.png>
Package pdftex.def Info: imgs/esmart_gt/Alta__9abf75f2-84d8-490d-9a2e-ae77606bcd02.png  used on input line 1085.
(pdftex.def)             Requested size: 119.24506pt x 119.24207pt.
File: imgs/esmart_old/Alta__9abf75f2-84d8-490d-9a2e-ae77606bcd02.png Graphic file (type png)
<use imgs/esmart_old/Alta__9abf75f2-84d8-490d-9a2e-ae77606bcd02.png>
Package pdftex.def Info: imgs/esmart_old/Alta__9abf75f2-84d8-490d-9a2e-ae77606bcd02.png  used on input line 1085.
(pdftex.def)             Requested size: 119.24506pt x 119.24207pt.
File: imgs/esmart_new/Alta__9abf75f2-84d8-490d-9a2e-ae77606bcd02.png Graphic file (type png)
<use imgs/esmart_new/Alta__9abf75f2-84d8-490d-9a2e-ae77606bcd02.png>
Package pdftex.def Info: imgs/esmart_new/Alta__9abf75f2-84d8-490d-9a2e-ae77606bcd02.png  used on input line 1085.
(pdftex.def)             Requested size: 119.24506pt x 119.24207pt.
File: imgs/esmart_base_imgs/Alta__98d795b2-512d-e740-2b9c-dfb9b6b40696.JPG Graphic file (type jpg)
<use imgs/esmart_base_imgs/Alta__98d795b2-512d-e740-2b9c-dfb9b6b40696.JPG>
Package pdftex.def Info: imgs/esmart_base_imgs/Alta__98d795b2-512d-e740-2b9c-dfb9b6b40696.JPG  used on input line 1085.
(pdftex.def)             Requested size: 119.24506pt x 119.22638pt.
File: imgs/esmart_gt/Alta__98d795b2-512d-e740-2b9c-dfb9b6b40696.png Graphic file (type png)
<use imgs/esmart_gt/Alta__98d795b2-512d-e740-2b9c-dfb9b6b40696.png>
Package pdftex.def Info: imgs/esmart_gt/Alta__98d795b2-512d-e740-2b9c-dfb9b6b40696.png  used on input line 1085.
(pdftex.def)             Requested size: 119.24506pt x 119.24207pt.
File: imgs/esmart_old/Alta__98d795b2-512d-e740-2b9c-dfb9b6b40696.png Graphic file (type png)
<use imgs/esmart_old/Alta__98d795b2-512d-e740-2b9c-dfb9b6b40696.png>
Package pdftex.def Info: imgs/esmart_old/Alta__98d795b2-512d-e740-2b9c-dfb9b6b40696.png  used on input line 1085.
(pdftex.def)             Requested size: 119.24506pt x 119.24207pt.
File: imgs/esmart_new/Alta__98d795b2-512d-e740-2b9c-dfb9b6b40696.png Graphic file (type png)
<use imgs/esmart_new/Alta__98d795b2-512d-e740-2b9c-dfb9b6b40696.png>
Package pdftex.def Info: imgs/esmart_new/Alta__98d795b2-512d-e740-2b9c-dfb9b6b40696.png  used on input line 1085.
(pdftex.def)             Requested size: 119.24506pt x 119.24207pt.

Overfull \hbox (8.98022pt too wide) in alignment at lines 1085--1085
[][][][] 
 []


LaTeX Warning: Float too large for page by 1.81055pt on input line 1087.

File: imgs/esmart_base_imgs/Alta__a1cf5776-0454-4ef6-8726-ad25b0023293.JPG Graphic file (type jpg)
<use imgs/esmart_base_imgs/Alta__a1cf5776-0454-4ef6-8726-ad25b0023293.JPG>
Package pdftex.def Info: imgs/esmart_base_imgs/Alta__a1cf5776-0454-4ef6-8726-ad25b0023293.JPG  used on input line 1116.
(pdftex.def)             Requested size: 119.24506pt x 119.22638pt.
File: imgs/esmart_gt/Alta__a1cf5776-0454-4ef6-8726-ad25b0023293.png Graphic file (type png)
<use imgs/esmart_gt/Alta__a1cf5776-0454-4ef6-8726-ad25b0023293.png>
Package pdftex.def Info: imgs/esmart_gt/Alta__a1cf5776-0454-4ef6-8726-ad25b0023293.png  used on input line 1116.
(pdftex.def)             Requested size: 119.24506pt x 119.24207pt.
File: imgs/esmart_old/Alta__a1cf5776-0454-4ef6-8726-ad25b0023293.png Graphic file (type png)
<use imgs/esmart_old/Alta__a1cf5776-0454-4ef6-8726-ad25b0023293.png>
Package pdftex.def Info: imgs/esmart_old/Alta__a1cf5776-0454-4ef6-8726-ad25b0023293.png  used on input line 1116.
(pdftex.def)             Requested size: 119.24506pt x 119.24207pt.
File: imgs/esmart_new/Alta__a1cf5776-0454-4ef6-8726-ad25b0023293.png Graphic file (type png)
<use imgs/esmart_new/Alta__a1cf5776-0454-4ef6-8726-ad25b0023293.png>
Package pdftex.def Info: imgs/esmart_new/Alta__a1cf5776-0454-4ef6-8726-ad25b0023293.png  used on input line 1116.
(pdftex.def)             Requested size: 119.24506pt x 119.24207pt.
File: imgs/esmart_base_imgs/Alta__bbbc763d-c6c4-4ab9-0b9b-9e0307a872ae.JPG Graphic file (type jpg)
<use imgs/esmart_base_imgs/Alta__bbbc763d-c6c4-4ab9-0b9b-9e0307a872ae.JPG>
Package pdftex.def Info: imgs/esmart_base_imgs/Alta__bbbc763d-c6c4-4ab9-0b9b-9e0307a872ae.JPG  used on input line 1116.
(pdftex.def)             Requested size: 119.24506pt x 119.22638pt.
File: imgs/esmart_gt/Alta__bbbc763d-c6c4-4ab9-0b9b-9e0307a872ae.png Graphic file (type png)
<use imgs/esmart_gt/Alta__bbbc763d-c6c4-4ab9-0b9b-9e0307a872ae.png>
Package pdftex.def Info: imgs/esmart_gt/Alta__bbbc763d-c6c4-4ab9-0b9b-9e0307a872ae.png  used on input line 1116.
(pdftex.def)             Requested size: 119.24506pt x 119.24207pt.
File: imgs/esmart_old/Alta__bbbc763d-c6c4-4ab9-0b9b-9e0307a872ae.png Graphic file (type png)
<use imgs/esmart_old/Alta__bbbc763d-c6c4-4ab9-0b9b-9e0307a872ae.png>
Package pdftex.def Info: imgs/esmart_old/Alta__bbbc763d-c6c4-4ab9-0b9b-9e0307a872ae.png  used on input line 1116.
(pdftex.def)             Requested size: 119.24506pt x 119.24207pt.
File: imgs/esmart_new/Alta__bbbc763d-c6c4-4ab9-0b9b-9e0307a872ae.png Graphic file (type png)
<use imgs/esmart_new/Alta__bbbc763d-c6c4-4ab9-0b9b-9e0307a872ae.png>
Package pdftex.def Info: imgs/esmart_new/Alta__bbbc763d-c6c4-4ab9-0b9b-9e0307a872ae.png  used on input line 1116.
(pdftex.def)             Requested size: 119.24506pt x 119.24207pt.
File: imgs/esmart_base_imgs/Alta__cf519095-8e39-35eb-448d-1cd731af29b1.JPG Graphic file (type jpg)
<use imgs/esmart_base_imgs/Alta__cf519095-8e39-35eb-448d-1cd731af29b1.JPG>
Package pdftex.def Info: imgs/esmart_base_imgs/Alta__cf519095-8e39-35eb-448d-1cd731af29b1.JPG  used on input line 1116.
(pdftex.def)             Requested size: 119.24506pt x 119.22638pt.
File: imgs/esmart_gt/Alta__cf519095-8e39-35eb-448d-1cd731af29b1.png Graphic file (type png)
<use imgs/esmart_gt/Alta__cf519095-8e39-35eb-448d-1cd731af29b1.png>
Package pdftex.def Info: imgs/esmart_gt/Alta__cf519095-8e39-35eb-448d-1cd731af29b1.png  used on input line 1116.
(pdftex.def)             Requested size: 119.24506pt x 119.24207pt.
File: imgs/esmart_old/Alta__cf519095-8e39-35eb-448d-1cd731af29b1.png Graphic file (type png)
<use imgs/esmart_old/Alta__cf519095-8e39-35eb-448d-1cd731af29b1.png>
Package pdftex.def Info: imgs/esmart_old/Alta__cf519095-8e39-35eb-448d-1cd731af29b1.png  used on input line 1116.
(pdftex.def)             Requested size: 119.24506pt x 119.24207pt.
File: imgs/esmart_new/Alta__cf519095-8e39-35eb-448d-1cd731af29b1.png Graphic file (type png)
<use imgs/esmart_new/Alta__cf519095-8e39-35eb-448d-1cd731af29b1.png>
Package pdftex.def Info: imgs/esmart_new/Alta__cf519095-8e39-35eb-448d-1cd731af29b1.png  used on input line 1116.
(pdftex.def)             Requested size: 119.24506pt x 119.24207pt.
File: imgs/esmart_base_imgs/Dalane__Dalane+IA__DAT_6749.JPG Graphic file (type jpg)
<use imgs/esmart_base_imgs/Dalane__Dalane+IA__DAT_6749.JPG>
Package pdftex.def Info: imgs/esmart_base_imgs/Dalane__Dalane+IA__DAT_6749.JPG  used on input line 1116.
(pdftex.def)             Requested size: 119.24506pt x 119.22638pt.
File: imgs/esmart_gt/Dalane__Dalane+IA__DAT_6749.png Graphic file (type png)
<use imgs/esmart_gt/Dalane__Dalane+IA__DAT_6749.png>
Package pdftex.def Info: imgs/esmart_gt/Dalane__Dalane+IA__DAT_6749.png  used on input line 1116.
(pdftex.def)             Requested size: 119.24506pt x 119.24207pt.
File: imgs/esmart_old/Dalane__Dalane+IA__DAT_6749.png Graphic file (type png)
<use imgs/esmart_old/Dalane__Dalane+IA__DAT_6749.png>
Package pdftex.def Info: imgs/esmart_old/Dalane__Dalane+IA__DAT_6749.png  used on input line 1116.
(pdftex.def)             Requested size: 119.24506pt x 119.24207pt.
File: imgs/esmart_new/Dalane__Dalane+IA__DAT_6749.png Graphic file (type png)
<use imgs/esmart_new/Dalane__Dalane+IA__DAT_6749.png>
Package pdftex.def Info: imgs/esmart_new/Dalane__Dalane+IA__DAT_6749.png  used on input line 1116.
(pdftex.def)             Requested size: 119.24506pt x 119.24207pt.
File: imgs/esmart_base_imgs/Dalane__Dalane+IA__DAT_7559.JPG Graphic file (type jpg)
<use imgs/esmart_base_imgs/Dalane__Dalane+IA__DAT_7559.JPG>
Package pdftex.def Info: imgs/esmart_base_imgs/Dalane__Dalane+IA__DAT_7559.JPG  used on input line 1116.
(pdftex.def)             Requested size: 119.24506pt x 119.22638pt.
File: imgs/esmart_gt/Dalane__Dalane+IA__DAT_7559.png Graphic file (type png)
<use imgs/esmart_gt/Dalane__Dalane+IA__DAT_7559.png>
Package pdftex.def Info: imgs/esmart_gt/Dalane__Dalane+IA__DAT_7559.png  used on input line 1116.
(pdftex.def)             Requested size: 119.24506pt x 119.24207pt.
File: imgs/esmart_old/Dalane__Dalane+IA__DAT_7559.png Graphic file (type png)
<use imgs/esmart_old/Dalane__Dalane+IA__DAT_7559.png>
Package pdftex.def Info: imgs/esmart_old/Dalane__Dalane+IA__DAT_7559.png  used on input line 1116.
(pdftex.def)             Requested size: 119.24506pt x 119.24207pt.
File: imgs/esmart_new/Dalane__Dalane+IA__DAT_7559.png Graphic file (type png)
<use imgs/esmart_new/Dalane__Dalane+IA__DAT_7559.png>
Package pdftex.def Info: imgs/esmart_new/Dalane__Dalane+IA__DAT_7559.png  used on input line 1116.
(pdftex.def)             Requested size: 119.24506pt x 119.24207pt.

Overfull \hbox (8.98022pt too wide) in alignment at lines 1116--1116
[][][][] 
 []


LaTeX Warning: Float too large for page by 1.81055pt on input line 1118.

File: imgs/esmart_base_imgs/Dalane__Dalane+IA__DAT_7909.JPG Graphic file (type jpg)
<use imgs/esmart_base_imgs/Dalane__Dalane+IA__DAT_7909.JPG>
Package pdftex.def Info: imgs/esmart_base_imgs/Dalane__Dalane+IA__DAT_7909.JPG  used on input line 1139.
(pdftex.def)             Requested size: 119.24506pt x 119.22638pt.
File: imgs/esmart_gt/Dalane__Dalane+IA__DAT_7909.png Graphic file (type png)
<use imgs/esmart_gt/Dalane__Dalane+IA__DAT_7909.png>
Package pdftex.def Info: imgs/esmart_gt/Dalane__Dalane+IA__DAT_7909.png  used on input line 1139.
(pdftex.def)             Requested size: 119.24506pt x 119.24207pt.
File: imgs/esmart_old/Dalane__Dalane+IA__DAT_7909.png Graphic file (type png)
<use imgs/esmart_old/Dalane__Dalane+IA__DAT_7909.png>
Package pdftex.def Info: imgs/esmart_old/Dalane__Dalane+IA__DAT_7909.png  used on input line 1139.
(pdftex.def)             Requested size: 119.24506pt x 119.24207pt.
File: imgs/esmart_new/Dalane__Dalane+IA__DAT_7909.png Graphic file (type png)
<use imgs/esmart_new/Dalane__Dalane+IA__DAT_7909.png>
Package pdftex.def Info: imgs/esmart_new/Dalane__Dalane+IA__DAT_7909.png  used on input line 1139.
(pdftex.def)             Requested size: 119.24506pt x 119.24207pt.
File: imgs/esmart_base_imgs/Alta__a1cf5776-0454-4ef6-8726-ad25b0023293.JPG Graphic file (type jpg)
<use imgs/esmart_base_imgs/Alta__a1cf5776-0454-4ef6-8726-ad25b0023293.JPG>
Package pdftex.def Info: imgs/esmart_base_imgs/Alta__a1cf5776-0454-4ef6-8726-ad25b0023293.JPG  used on input line 1139.
(pdftex.def)             Requested size: 119.24506pt x 119.22638pt.
File: imgs/esmart_gt/Alta__a1cf5776-0454-4ef6-8726-ad25b0023293.png Graphic file (type png)
<use imgs/esmart_gt/Alta__a1cf5776-0454-4ef6-8726-ad25b0023293.png>
Package pdftex.def Info: imgs/esmart_gt/Alta__a1cf5776-0454-4ef6-8726-ad25b0023293.png  used on input line 1139.
(pdftex.def)             Requested size: 119.24506pt x 119.24207pt.
File: imgs/esmart_old/Alta__a1cf5776-0454-4ef6-8726-ad25b0023293.png Graphic file (type png)
<use imgs/esmart_old/Alta__a1cf5776-0454-4ef6-8726-ad25b0023293.png>
Package pdftex.def Info: imgs/esmart_old/Alta__a1cf5776-0454-4ef6-8726-ad25b0023293.png  used on input line 1139.
(pdftex.def)             Requested size: 119.24506pt x 119.24207pt.
File: imgs/esmart_new/Alta__a1cf5776-0454-4ef6-8726-ad25b0023293.png Graphic file (type png)
<use imgs/esmart_new/Alta__a1cf5776-0454-4ef6-8726-ad25b0023293.png>
Package pdftex.def Info: imgs/esmart_new/Alta__a1cf5776-0454-4ef6-8726-ad25b0023293.png  used on input line 1139.
(pdftex.def)             Requested size: 119.24506pt x 119.24207pt.
File: imgs/esmart_base_imgs/Alta__bbbc763d-c6c4-4ab9-0b9b-9e0307a872ae.JPG Graphic file (type jpg)
<use imgs/esmart_base_imgs/Alta__bbbc763d-c6c4-4ab9-0b9b-9e0307a872ae.JPG>
Package pdftex.def Info: imgs/esmart_base_imgs/Alta__bbbc763d-c6c4-4ab9-0b9b-9e0307a872ae.JPG  used on input line 1139.
(pdftex.def)             Requested size: 119.24506pt x 119.22638pt.
File: imgs/esmart_gt/Alta__bbbc763d-c6c4-4ab9-0b9b-9e0307a872ae.png Graphic file (type png)
<use imgs/esmart_gt/Alta__bbbc763d-c6c4-4ab9-0b9b-9e0307a872ae.png>
Package pdftex.def Info: imgs/esmart_gt/Alta__bbbc763d-c6c4-4ab9-0b9b-9e0307a872ae.png  used on input line 1139.
(pdftex.def)             Requested size: 119.24506pt x 119.24207pt.
File: imgs/esmart_old/Alta__bbbc763d-c6c4-4ab9-0b9b-9e0307a872ae.png Graphic file (type png)
<use imgs/esmart_old/Alta__bbbc763d-c6c4-4ab9-0b9b-9e0307a872ae.png>
Package pdftex.def Info: imgs/esmart_old/Alta__bbbc763d-c6c4-4ab9-0b9b-9e0307a872ae.png  used on input line 1139.
(pdftex.def)             Requested size: 119.24506pt x 119.24207pt.
File: imgs/esmart_new/Alta__bbbc763d-c6c4-4ab9-0b9b-9e0307a872ae.png Graphic file (type png)
<use imgs/esmart_new/Alta__bbbc763d-c6c4-4ab9-0b9b-9e0307a872ae.png>
Package pdftex.def Info: imgs/esmart_new/Alta__bbbc763d-c6c4-4ab9-0b9b-9e0307a872ae.png  used on input line 1139.
(pdftex.def)             Requested size: 119.24506pt x 119.24207pt.

Overfull \hbox (8.98022pt too wide) in alignment at lines 1139--1139
[][][][] 
 []


LaTeX Warning: Citation `IEEEhowto:IEEEtranpage' on page 5 undefined on input line 1200.

No file bare_jrnl.bbl.
[5

] [6 </20TB0/ls_workspace/lsnetv2/imgs/pldu_base_imgs/250.jpg> </20TB0/ls_workspace/lsnetv2/imgs/pldu_gt/250.png (PNG copy)> </20TB0/ls_workspace/lsnetv2/imgs/pldu_old/250.png (PNG copy)> </20TB0/ls_workspace/lsnetv2/imgs/pldu_new/250.png (PNG copy)> </20TB0/ls_workspace/lsnetv2/imgs/pldu_base_imgs/355.jpg> </20TB0/ls_workspace/lsnetv2/imgs/pldu_gt/355.png (PNG copy)> </20TB0/ls_workspace/lsnetv2/imgs/pldu_old/355.png (PNG copy)> </20TB0/ls_workspace/lsnetv2/imgs/pldu_new/355.png (PNG copy)> </20TB0/ls_workspace/lsnetv2/imgs/pldu_base_imgs/358.jpg> </20TB0/ls_workspace/lsnetv2/imgs/pldu_gt/358.png (PNG copy)> </20TB0/ls_workspace/lsnetv2/imgs/pldu_old/358.png (PNG copy)> </20TB0/ls_workspace/lsnetv2/imgs/pldu_new/358.png (PNG copy)> </20TB0/ls_workspace/lsnetv2/imgs/pldu_base_imgs/481.jpg> </20TB0/ls_workspace/lsnetv2/imgs/pldu_gt/481.png> </20TB0/ls_workspace/lsnetv2/imgs/pldu_old/481.png (PNG copy)> </20TB0/ls_workspace/lsnetv2/imgs/pldu_new/481.png (PNG copy)> </20TB0/ls_workspace/lsnetv2/imgs/pldu_base_imgs/637.jpg> </20TB0/ls_workspace/lsnetv2/imgs/pldu_gt/637.png (PNG copy)> </20TB0/ls_workspace/lsnetv2/imgs/pldu_old/637.png (PNG copy)> </20TB0/ls_workspace/lsnetv2/imgs/pldu_new/637.png (PNG copy)>] [7 </20TB0/ls_workspace/lsnetv2/imgs/esmart_base_imgs/Alta__4ba599e9-bf87-4283-aa2c-8d0bdd9b4e6e.JPG> </20TB0/ls_workspace/lsnetv2/imgs/esmart_gt/Alta__4ba599e9-bf87-4283-aa2c-8d0bdd9b4e6e.png (PNG copy)> </20TB0/ls_workspace/lsnetv2/imgs/esmart_old/Alta__4ba599e9-bf87-4283-aa2c-8d0bdd9b4e6e.png (PNG copy)> </20TB0/ls_workspace/lsnetv2/imgs/esmart_new/Alta__4ba599e9-bf87-4283-aa2c-8d0bdd9b4e6e.png (PNG copy)> </20TB0/ls_workspace/lsnetv2/imgs/esmart_base_imgs/Alta__05ceb653-bdc2-78a8-0747-a63831e3ebc9.JPG> </20TB0/ls_workspace/lsnetv2/imgs/esmart_gt/Alta__05ceb653-bdc2-78a8-0747-a63831e3ebc9.png (PNG copy)> </20TB0/ls_workspace/lsnetv2/imgs/esmart_old/Alta__05ceb653-bdc2-78a8-0747-a63831e3ebc9.png (PNG copy)> </20TB0/ls_workspace/lsnetv2/imgs/esmart_new/Alta__05ceb653-bdc2-78a8-0747-a63831e3ebc9.png (PNG copy)> </20TB0/ls_workspace/lsnetv2/imgs/esmart_base_imgs/Alta__6a6a5379-a993-4be1-9d79-236991f70d38.JPG> </20TB0/ls_workspace/lsnetv2/imgs/esmart_gt/Alta__6a6a5379-a993-4be1-9d79-236991f70d38.png (PNG copy)> </20TB0/ls_workspace/lsnetv2/imgs/esmart_old/Alta__6a6a5379-a993-4be1-9d79-236991f70d38.png (PNG copy)> </20TB0/ls_workspace/lsnetv2/imgs/esmart_new/Alta__6a6a5379-a993-4be1-9d79-236991f70d38.png (PNG copy)> </20TB0/ls_workspace/lsnetv2/imgs/esmart_base_imgs/Alta__9abf75f2-84d8-490d-9a2e-ae77606bcd02.JPG> </20TB0/ls_workspace/lsnetv2/imgs/esmart_gt/Alta__9abf75f2-84d8-490d-9a2e-ae77606bcd02.png (PNG copy)> </20TB0/ls_workspace/lsnetv2/imgs/esmart_old/Alta__9abf75f2-84d8-490d-9a2e-ae77606bcd02.png (PNG copy)> </20TB0/ls_workspace/lsnetv2/imgs/esmart_new/Alta__9abf75f2-84d8-490d-9a2e-ae77606bcd02.png (PNG copy)> </20TB0/ls_workspace/lsnetv2/imgs/esmart_base_imgs/Alta__98d795b2-512d-e740-2b9c-dfb9b6b40696.JPG> </20TB0/ls_workspace/lsnetv2/imgs/esmart_gt/Alta__98d795b2-512d-e740-2b9c-dfb9b6b40696.png (PNG copy)> </20TB0/ls_workspace/lsnetv2/imgs/esmart_old/Alta__98d795b2-512d-e740-2b9c-dfb9b6b40696.png (PNG copy)> </20TB0/ls_workspace/lsnetv2/imgs/esmart_new/Alta__98d795b2-512d-e740-2b9c-dfb9b6b40696.png>] [8 </20TB0/ls_workspace/lsnetv2/imgs/esmart_base_imgs/Alta__a1cf5776-0454-4ef6-8726-ad25b0023293.JPG> </20TB0/ls_workspace/lsnetv2/imgs/esmart_gt/Alta__a1cf5776-0454-4ef6-8726-ad25b0023293.png (PNG copy)> </20TB0/ls_workspace/lsnetv2/imgs/esmart_old/Alta__a1cf5776-0454-4ef6-8726-ad25b0023293.png (PNG copy)> </20TB0/ls_workspace/lsnetv2/imgs/esmart_new/Alta__a1cf5776-0454-4ef6-8726-ad25b0023293.png (PNG copy)> </20TB0/ls_workspace/lsnetv2/imgs/esmart_base_imgs/Alta__bbbc763d-c6c4-4ab9-0b9b-9e0307a872ae.JPG> </20TB0/ls_workspace/lsnetv2/imgs/esmart_gt/Alta__bbbc763d-c6c4-4ab9-0b9b-9e0307a872ae.png (PNG copy)> </20TB0/ls_workspace/lsnetv2/imgs/esmart_old/Alta__bbbc763d-c6c4-4ab9-0b9b-9e0307a872ae.png (PNG copy)> </20TB0/ls_workspace/lsnetv2/imgs/esmart_new/Alta__bbbc763d-c6c4-4ab9-0b9b-9e0307a872ae.png (PNG copy)> </20TB0/ls_workspace/lsnetv2/imgs/esmart_base_imgs/Alta__cf519095-8e39-35eb-448d-1cd731af29b1.JPG> </20TB0/ls_workspace/lsnetv2/imgs/esmart_gt/Alta__cf519095-8e39-35eb-448d-1cd731af29b1.png (PNG copy)> </20TB0/ls_workspace/lsnetv2/imgs/esmart_old/Alta__cf519095-8e39-35eb-448d-1cd731af29b1.png (PNG copy)> </20TB0/ls_workspace/lsnetv2/imgs/esmart_new/Alta__cf519095-8e39-35eb-448d-1cd731af29b1.png (PNG copy)> </20TB0/ls_workspace/lsnetv2/imgs/esmart_base_imgs/Dalane__Dalane+IA__DAT_6749.JPG> </20TB0/ls_workspace/lsnetv2/imgs/esmart_gt/Dalane__Dalane+IA__DAT_6749.png (PNG copy)> </20TB0/ls_workspace/lsnetv2/imgs/esmart_old/Dalane__Dalane+IA__DAT_6749.png (PNG copy)> </20TB0/ls_workspace/lsnetv2/imgs/esmart_new/Dalane__Dalane+IA__DAT_6749.png (PNG copy)> </20TB0/ls_workspace/lsnetv2/imgs/esmart_base_imgs/Dalane__Dalane+IA__DAT_7559.JPG> </20TB0/ls_workspace/lsnetv2/imgs/esmart_gt/Dalane__Dalane+IA__DAT_7559.png (PNG copy)> </20TB0/ls_workspace/lsnetv2/imgs/esmart_old/Dalane__Dalane+IA__DAT_7559.png (PNG copy)> </20TB0/ls_workspace/lsnetv2/imgs/esmart_new/Dalane__Dalane+IA__DAT_7559.png (PNG copy)>] [9 </20TB0/ls_workspace/lsnetv2/imgs/esmart_base_imgs/Dalane__Dalane+IA__DAT_7909.JPG> </20TB0/ls_workspace/lsnetv2/imgs/esmart_gt/Dalane__Dalane+IA__DAT_7909.png (PNG copy)> </20TB0/ls_workspace/lsnetv2/imgs/esmart_old/Dalane__Dalane+IA__DAT_7909.png (PNG copy)> </20TB0/ls_workspace/lsnetv2/imgs/esmart_new/Dalane__Dalane+IA__DAT_7909.png (PNG copy)>] [10

] [11] (/20TB0/ls_workspace/lsnetv2/bare_jrnl.aux)

LaTeX Warning: There were undefined references.


LaTeX Warning: Label(s) may have changed. Rerun to get cross-references right.

 ) 
Here is how much of TeX's memory you used:
 5391 strings out of 492982
 93303 string characters out of 6134897
 187498 words of memory out of 5000000
 8833 multiletter control sequences out of 15000+600000
 48650 words of font info for 106 fonts, out of 8000000 for 9000
 1144 hyphenation exceptions out of 8191
 44i,24n,42p,2148b,434s stack positions out of 5000i,500n,10000p,200000b,80000s
{/usr/share/texlive/texmf-dist/fonts/enc/dvips/base/8r.enc}</usr/share/texlive/texmf-dist/fonts/type1/public/amsfonts/cm/cmex10.pfb></usr/share/texlive/texmf-dist/fonts/type1/public/amsfonts/cmextra/cmex8.pfb></usr/share/texlive/texmf-dist/fonts/type1/public/amsfonts/cm/cmmi10.pfb></usr/share/texlive/texmf-dist/fonts/type1/public/amsfonts/cm/cmmi5.pfb></usr/share/texlive/texmf-dist/fonts/type1/public/amsfonts/cm/cmmi6.pfb></usr/share/texlive/texmf-dist/fonts/type1/public/amsfonts/cm/cmmi7.pfb></usr/share/texlive/texmf-dist/fonts/type1/public/amsfonts/cm/cmmi8.pfb></usr/share/texlive/texmf-dist/fonts/type1/public/amsfonts/cm/cmr10.pfb></usr/share/texlive/texmf-dist/fonts/type1/public/amsfonts/cm/cmr6.pfb></usr/share/texlive/texmf-dist/fonts/type1/public/amsfonts/cm/cmr7.pfb></usr/share/texlive/texmf-dist/fonts/type1/public/amsfonts/cm/cmr8.pfb></usr/share/texlive/texmf-dist/fonts/type1/public/amsfonts/cm/cmsy10.pfb></usr/share/texlive/texmf-dist/fonts/type1/public/amsfonts/cm/cmsy7.pfb></usr/share/texlive/texmf-dist/fonts/type1/public/amsfonts/cm/cmsy8.pfb></usr/share/texlive/texmf-dist/fonts/type1/public/doublestroke/dsrom10.pfb></usr/share/texlive/texmf-dist/fonts/type1/public/amsfonts/euler/eufm10.pfb></usr/share/texlive/texmf-dist/fonts/type1/public/amsfonts/euler/eufm7.pfb></usr/share/texlive/texmf-dist/fonts/type1/public/amsfonts/symbols/msam10.pfb></usr/share/texlive/texmf-dist/fonts/type1/urw/times/utmb8a.pfb></usr/share/texlive/texmf-dist/fonts/type1/urw/times/utmbi8a.pfb></usr/share/texlive/texmf-dist/fonts/type1/urw/times/utmr8a.pfb></usr/share/texlive/texmf-dist/fonts/type1/urw/times/utmri8a.pfb>
Output written on /20TB0/ls_workspace/lsnetv2/bare_jrnl.pdf (11 pages, 9179616 bytes).
PDF statistics:
 195 PDF objects out of 1000 (max. 8388607)
 93 compressed objects within 1 object stream
 0 named destinations out of 1000 (max. 500000)
 321 words of extra memory for PDF output out of 10000 (max. 10000000)

